  Snake.cpp
C:\Users\PC\OneDrive\Desktop\C++\Snake\Snake.h(24,22): warning C4101: 's': unreferenced local variable
  (compiling source file 'Snake.cpp')
  
C:\Users\PC\OneDrive\Desktop\C++\Snake\Snake.cpp(11,15): warning C4244: 'argument': conversion from 'time_t' to 'unsigned int', possible loss of data
C:\Users\PC\OneDrive\Desktop\C++\Snake\Snake.cpp(69,18): warning C4566: character represented by universal-character-name '\u041F' cannot be represented in the current code page (1252)
C:\Users\PC\OneDrive\Desktop\C++\Snake\Snake.cpp(69,18): warning C4566: character represented by universal-character-name '\u043E' cannot be represented in the current code page (1252)
C:\Users\PC\OneDrive\Desktop\C++\Snake\Snake.cpp(69,18): warning C4566: character represented by universal-character-name '\u0431' cannot be represented in the current code page (1252)
C:\Users\PC\OneDrive\Desktop\C++\Snake\Snake.cpp(69,18): warning C4566: character represented by universal-character-name '\u0435' cannot be represented in the current code page (1252)
C:\Users\PC\OneDrive\Desktop\C++\Snake\Snake.cpp(69,18): warning C4566: character represented by universal-character-name '\u0434' cannot be represented in the current code page (1252)
C:\Users\PC\OneDrive\Desktop\C++\Snake\Snake.cpp(69,18): warning C4566: character represented by universal-character-name '\u0430' cannot be represented in the current code page (1252)
C:\Users\PC\OneDrive\Desktop\C++\Snake\Snake.cpp(69,18): warning C4566: character represented by universal-character-name '\u0417' cannot be represented in the current code page (1252)
C:\Users\PC\OneDrive\Desktop\C++\Snake\Snake.cpp(69,18): warning C4566: character represented by universal-character-name '\u043C' cannot be represented in the current code page (1252)
C:\Users\PC\OneDrive\Desktop\C++\Snake\Snake.cpp(69,18): warning C4566: character represented by universal-character-name '\u0439' cannot be represented in the current code page (1252)
C:\Users\PC\OneDrive\Desktop\C++\Snake\Snake.cpp(69,18): warning C4566: character represented by universal-character-name '\u043A' cannot be represented in the current code page (1252)
C:\Users\PC\OneDrive\Desktop\C++\Snake\Snake.cpp(69,18): warning C4566: character represented by universal-character-name '\u0441' cannot be represented in the current code page (1252)
C:\Users\PC\OneDrive\Desktop\C++\Snake\Snake.cpp(69,18): warning C4566: character represented by universal-character-name '\u0442' cannot be represented in the current code page (1252)
C:\Users\PC\OneDrive\Desktop\C++\Snake\Snake.cpp(69,18): warning C4566: character represented by universal-character-name '\u0438' cannot be represented in the current code page (1252)
C:\Users\PC\OneDrive\Desktop\C++\Snake\Snake.cpp(69,18): warning C4566: character represented by universal-character-name '\u0433' cannot be represented in the current code page (1252)
C:\Users\PC\OneDrive\Desktop\C++\Snake\Snake.cpp(69,18): warning C4566: character represented by universal-character-name '\u043B' cannot be represented in the current code page (1252)
C:\Users\PC\OneDrive\Desktop\C++\Snake\Snake.cpp(69,18): warning C4566: character represented by universal-character-name '\u044C' cannot be represented in the current code page (1252)
C:\Users\PC\OneDrive\Desktop\C++\Snake\Snake.cpp(69,18): warning C4566: character represented by universal-character-name '\u043D' cannot be represented in the current code page (1252)
C:\Users\PC\OneDrive\Desktop\C++\Snake\Snake.cpp(69,18): warning C4566: character represented by universal-character-name '\u044B' cannot be represented in the current code page (1252)
C:\Users\PC\OneDrive\Desktop\C++\Snake\Snake.cpp(72,18): warning C4566: character represented by universal-character-name '\u0418' cannot be represented in the current code page (1252)
C:\Users\PC\OneDrive\Desktop\C++\Snake\Snake.cpp(72,18): warning C4566: character represented by universal-character-name '\u0433' cannot be represented in the current code page (1252)
C:\Users\PC\OneDrive\Desktop\C++\Snake\Snake.cpp(72,18): warning C4566: character represented by universal-character-name '\u0440' cannot be represented in the current code page (1252)
C:\Users\PC\OneDrive\Desktop\C++\Snake\Snake.cpp(72,18): warning C4566: character represented by universal-character-name '\u0430' cannot be represented in the current code page (1252)
C:\Users\PC\OneDrive\Desktop\C++\Snake\Snake.cpp(72,18): warning C4566: character represented by universal-character-name '\u043E' cannot be represented in the current code page (1252)
C:\Users\PC\OneDrive\Desktop\C++\Snake\Snake.cpp(72,18): warning C4566: character represented by universal-character-name '\u043A' cannot be represented in the current code page (1252)
C:\Users\PC\OneDrive\Desktop\C++\Snake\Snake.cpp(72,18): warning C4566: character represented by universal-character-name '\u043D' cannot be represented in the current code page (1252)
C:\Users\PC\OneDrive\Desktop\C++\Snake\Snake.cpp(72,18): warning C4566: character represented by universal-character-name '\u0447' cannot be represented in the current code page (1252)
C:\Users\PC\OneDrive\Desktop\C++\Snake\Snake.cpp(72,18): warning C4566: character represented by universal-character-name '\u0435' cannot be represented in the current code page (1252)
C:\Users\PC\OneDrive\Desktop\C++\Snake\Snake.cpp(72,18): warning C4566: character represented by universal-character-name '\u0412' cannot be represented in the current code page (1252)
C:\Users\PC\OneDrive\Desktop\C++\Snake\Snake.cpp(72,18): warning C4566: character represented by universal-character-name '\u044B' cannot be represented in the current code page (1252)
C:\Users\PC\OneDrive\Desktop\C++\Snake\Snake.cpp(72,18): warning C4566: character represented by universal-character-name '\u043F' cannot be represented in the current code page (1252)
C:\Users\PC\OneDrive\Desktop\C++\Snake\Snake.cpp(72,18): warning C4566: character represented by universal-character-name '\u0438' cannot be represented in the current code page (1252)
C:\Users\PC\OneDrive\Desktop\C++\Snake\Snake.cpp(72,18): warning C4566: character represented by universal-character-name '\u043B' cannot be represented in the current code page (1252)
  Snake.vcxproj -> C:\Users\PC\OneDrive\Desktop\C++\Snake\x64\Debug\Snake.exe
